

============================== 2022-07-21 06:11:33.802799 | a48051ec-de54-4b47-96a9-2e9824978961 ==============================
06:11:33.802799 [info ] [MainThread]: Running with dbt=1.1.1
06:11:33.803857 [debug] [MainThread]: running dbt with arguments {'write_json': True, 'use_colors': True, 'printer_width': 80, 'version_check': True, 'partial_parse': True, 'static_parser': True, 'profiles_dir': 'C:\\Users\\Admin\\.dbt', 'send_anonymous_usage_stats': True, 'event_buffer_size': 100000, 'quiet': False, 'no_print': False, 'show': False, 'which': 'seed', 'rpc_method': 'seed', 'indirect_selection': 'eager'}
06:11:33.804805 [debug] [MainThread]: Tracking: tracking
06:11:33.820045 [debug] [MainThread]: Sending event: {'category': 'dbt', 'action': 'invocation', 'label': 'start', 'context': [<snowplow_tracker.self_describing_json.SelfDescribingJson object at 0x0000010EAFF21040>, <snowplow_tracker.self_describing_json.SelfDescribingJson object at 0x0000010EAFF21460>, <snowplow_tracker.self_describing_json.SelfDescribingJson object at 0x0000010EAFF210A0>]}
06:11:33.841188 [info ] [MainThread]: Partial parse save file not found. Starting full parse.
06:11:33.842234 [debug] [MainThread]: Sending event: {'category': 'dbt', 'action': 'partial_parser', 'label': 'a48051ec-de54-4b47-96a9-2e9824978961', 'context': [<snowplow_tracker.self_describing_json.SelfDescribingJson object at 0x0000010EAFF2AB50>]}
06:11:34.094770 [debug] [MainThread]: Parsing macros\adapters.sql
06:11:34.171629 [debug] [MainThread]: Parsing macros\catalog.sql
06:11:34.188430 [debug] [MainThread]: Parsing macros\relations.sql
06:11:34.188430 [debug] [MainThread]: Parsing macros\materializations\snapshot_merge.sql
06:11:34.188430 [debug] [MainThread]: Parsing macros\adapters\columns.sql
06:11:34.221147 [debug] [MainThread]: Parsing macros\adapters\freshness.sql
06:11:34.236771 [debug] [MainThread]: Parsing macros\adapters\indexes.sql
06:11:34.236771 [debug] [MainThread]: Parsing macros\adapters\metadata.sql
06:11:34.252395 [debug] [MainThread]: Parsing macros\adapters\persist_docs.sql
06:11:34.268022 [debug] [MainThread]: Parsing macros\adapters\relation.sql
06:11:34.299270 [debug] [MainThread]: Parsing macros\adapters\schema.sql
06:11:34.299270 [debug] [MainThread]: Parsing macros\etc\datetime.sql
06:11:34.314890 [debug] [MainThread]: Parsing macros\etc\statement.sql
06:11:34.314890 [debug] [MainThread]: Parsing macros\generic_test_sql\accepted_values.sql
06:11:34.314890 [debug] [MainThread]: Parsing macros\generic_test_sql\not_null.sql
06:11:34.330513 [debug] [MainThread]: Parsing macros\generic_test_sql\relationships.sql
06:11:34.330513 [debug] [MainThread]: Parsing macros\generic_test_sql\unique.sql
06:11:34.330513 [debug] [MainThread]: Parsing macros\get_custom_name\get_custom_alias.sql
06:11:34.330513 [debug] [MainThread]: Parsing macros\get_custom_name\get_custom_database.sql
06:11:34.330513 [debug] [MainThread]: Parsing macros\get_custom_name\get_custom_schema.sql
06:11:34.330513 [debug] [MainThread]: Parsing macros\materializations\configs.sql
06:11:34.330513 [debug] [MainThread]: Parsing macros\materializations\hooks.sql
06:11:34.348357 [debug] [MainThread]: Parsing macros\materializations\models\incremental\column_helpers.sql
06:11:34.348357 [debug] [MainThread]: Parsing macros\materializations\models\incremental\incremental.sql
06:11:34.364001 [debug] [MainThread]: Parsing macros\materializations\models\incremental\is_incremental.sql
06:11:34.364001 [debug] [MainThread]: Parsing macros\materializations\models\incremental\merge.sql
06:11:34.395251 [debug] [MainThread]: Parsing macros\materializations\models\incremental\on_schema_change.sql
06:11:34.410876 [debug] [MainThread]: Parsing macros\materializations\models\table\create_table_as.sql
06:11:34.410876 [debug] [MainThread]: Parsing macros\materializations\models\table\table.sql
06:11:34.426501 [debug] [MainThread]: Parsing macros\materializations\models\view\create_or_replace_view.sql
06:11:34.426501 [debug] [MainThread]: Parsing macros\materializations\models\view\create_view_as.sql
06:11:34.426501 [debug] [MainThread]: Parsing macros\materializations\models\view\helpers.sql
06:11:34.426501 [debug] [MainThread]: Parsing macros\materializations\models\view\view.sql
06:11:34.442125 [debug] [MainThread]: Parsing macros\materializations\seeds\helpers.sql
06:11:34.473376 [debug] [MainThread]: Parsing macros\materializations\seeds\seed.sql
06:11:34.473376 [debug] [MainThread]: Parsing macros\materializations\snapshots\helpers.sql
06:11:34.489001 [debug] [MainThread]: Parsing macros\materializations\snapshots\snapshot.sql
06:11:34.505966 [debug] [MainThread]: Parsing macros\materializations\snapshots\snapshot_merge.sql
06:11:34.505966 [debug] [MainThread]: Parsing macros\materializations\snapshots\strategies.sql
06:11:34.537970 [debug] [MainThread]: Parsing macros\materializations\tests\helpers.sql
06:11:34.537970 [debug] [MainThread]: Parsing macros\materializations\tests\test.sql
06:11:34.537970 [debug] [MainThread]: Parsing macros\materializations\tests\where_subquery.sql
06:11:34.553774 [debug] [MainThread]: Parsing tests\generic\builtin.sql
06:11:34.822504 [debug] [MainThread]: 1699: static parser successfully parsed customers.sql
06:11:34.847325 [debug] [MainThread]: 1603: static parser failed on orders.sql
06:11:34.856592 [debug] [MainThread]: 1602: parser fallback to jinja rendering on orders.sql
06:11:34.860794 [debug] [MainThread]: 1699: static parser successfully parsed staging\stg_customers.sql
06:11:34.862892 [debug] [MainThread]: 1699: static parser successfully parsed staging\stg_orders.sql
06:11:34.862892 [debug] [MainThread]: 1699: static parser successfully parsed staging\stg_payments.sql
06:11:35.139122 [debug] [MainThread]: Sending event: {'category': 'dbt', 'action': 'load_project', 'label': 'a48051ec-de54-4b47-96a9-2e9824978961', 'context': [<snowplow_tracker.self_describing_json.SelfDescribingJson object at 0x0000010EB00969D0>]}
06:11:35.160528 [debug] [MainThread]: Sending event: {'category': 'dbt', 'action': 'resource_counts', 'label': 'a48051ec-de54-4b47-96a9-2e9824978961', 'context': [<snowplow_tracker.self_describing_json.SelfDescribingJson object at 0x0000010EB00E7D00>]}
06:11:35.161572 [info ] [MainThread]: Found 5 models, 20 tests, 0 snapshots, 0 analyses, 167 macros, 0 operations, 3 seed files, 0 sources, 0 exposures, 0 metrics
06:11:35.161572 [debug] [MainThread]: Sending event: {'category': 'dbt', 'action': 'runnable_timing', 'label': 'a48051ec-de54-4b47-96a9-2e9824978961', 'context': [<snowplow_tracker.self_describing_json.SelfDescribingJson object at 0x0000010EAFFE5940>]}
06:11:35.163578 [info ] [MainThread]: 
06:11:35.165994 [debug] [MainThread]: Acquiring new postgres connection "master"
06:11:35.168347 [debug] [ThreadPool]: Acquiring new postgres connection "list_dsw_db"
06:11:35.171416 [debug] [ThreadPool]: Using postgres connection "list_dsw_db"
06:11:35.171416 [debug] [ThreadPool]: On list_dsw_db: /* {"app": "dbt", "dbt_version": "1.1.1", "profile_name": "jaffle_shop", "target_name": "dev", "connection_name": "list_dsw_db"} */

    select distinct nspname from pg_namespace
  
06:11:35.171416 [debug] [ThreadPool]: Opening a new connection, currently in state init
06:11:35.737936 [debug] [ThreadPool]: SQL status: SELECT 6 in 0.57 seconds
06:11:35.737936 [debug] [ThreadPool]: On list_dsw_db: Close
06:11:35.756078 [debug] [ThreadPool]: Acquiring new postgres connection "list_dsw_db_public"
06:11:35.776555 [debug] [ThreadPool]: Using postgres connection "list_dsw_db_public"
06:11:35.776555 [debug] [ThreadPool]: On list_dsw_db_public: BEGIN
06:11:35.776555 [debug] [ThreadPool]: Opening a new connection, currently in state init
06:11:36.237973 [debug] [ThreadPool]: SQL status: BEGIN in 0.46 seconds
06:11:36.237973 [debug] [ThreadPool]: Using postgres connection "list_dsw_db_public"
06:11:36.237973 [debug] [ThreadPool]: On list_dsw_db_public: /* {"app": "dbt", "dbt_version": "1.1.1", "profile_name": "jaffle_shop", "target_name": "dev", "connection_name": "list_dsw_db_public"} */
select
      'dsw_db' as database,
      tablename as name,
      schemaname as schema,
      'table' as type
    from pg_tables
    where schemaname ilike 'public'
    union all
    select
      'dsw_db' as database,
      viewname as name,
      schemaname as schema,
      'view' as type
    from pg_views
    where schemaname ilike 'public'
  
06:11:36.303160 [debug] [ThreadPool]: SQL status: SELECT 3 in 0.07 seconds
06:11:36.303160 [debug] [ThreadPool]: On list_dsw_db_public: ROLLBACK
06:11:36.368412 [debug] [ThreadPool]: On list_dsw_db_public: Close
06:11:36.374553 [debug] [MainThread]: Using postgres connection "master"
06:11:36.390280 [debug] [MainThread]: On master: BEGIN
06:11:36.390280 [debug] [MainThread]: Opening a new connection, currently in state init
06:11:36.863711 [debug] [MainThread]: SQL status: BEGIN in 0.47 seconds
06:11:36.863711 [debug] [MainThread]: Using postgres connection "master"
06:11:36.863711 [debug] [MainThread]: On master: /* {"app": "dbt", "dbt_version": "1.1.1", "profile_name": "jaffle_shop", "target_name": "dev", "connection_name": "master"} */
with relation as (
        select
            pg_rewrite.ev_class as class,
            pg_rewrite.oid as id
        from pg_rewrite
    ),
    class as (
        select
            oid as id,
            relname as name,
            relnamespace as schema,
            relkind as kind
        from pg_class
    ),
    dependency as (
        select distinct
            pg_depend.objid as id,
            pg_depend.refobjid as ref
        from pg_depend
    ),
    schema as (
        select
            pg_namespace.oid as id,
            pg_namespace.nspname as name
        from pg_namespace
        where nspname != 'information_schema' and nspname not like 'pg\_%'
    ),
    referenced as (
        select
            relation.id AS id,
            referenced_class.name ,
            referenced_class.schema ,
            referenced_class.kind
        from relation
        join class as referenced_class on relation.class=referenced_class.id
        where referenced_class.kind in ('r', 'v')
    ),
    relationships as (
        select
            referenced.name as referenced_name,
            referenced.schema as referenced_schema_id,
            dependent_class.name as dependent_name,
            dependent_class.schema as dependent_schema_id,
            referenced.kind as kind
        from referenced
        join dependency on referenced.id=dependency.id
        join class as dependent_class on dependency.ref=dependent_class.id
        where
            (referenced.name != dependent_class.name or
             referenced.schema != dependent_class.schema)
    )

    select
        referenced_schema.name as referenced_schema,
        relationships.referenced_name as referenced_name,
        dependent_schema.name as dependent_schema,
        relationships.dependent_name as dependent_name
    from relationships
    join schema as dependent_schema on relationships.dependent_schema_id=dependent_schema.id
    join schema as referenced_schema on relationships.referenced_schema_id=referenced_schema.id
    group by referenced_schema, referenced_name, dependent_schema, dependent_name
    order by referenced_schema, referenced_name, dependent_schema, dependent_name;
06:11:36.944672 [debug] [MainThread]: SQL status: SELECT 0 in 0.08 seconds
06:11:36.945684 [debug] [MainThread]: Sending event: {'category': 'dbt', 'action': 'runnable_timing', 'label': 'a48051ec-de54-4b47-96a9-2e9824978961', 'context': [<snowplow_tracker.self_describing_json.SelfDescribingJson object at 0x0000010EB00968E0>]}
06:11:36.945684 [debug] [MainThread]: On master: ROLLBACK
06:11:36.993037 [debug] [MainThread]: Using postgres connection "master"
06:11:36.993037 [debug] [MainThread]: On master: BEGIN
06:11:37.090995 [debug] [MainThread]: SQL status: BEGIN in 0.1 seconds
06:11:37.090995 [debug] [MainThread]: On master: COMMIT
06:11:37.090995 [debug] [MainThread]: Using postgres connection "master"
06:11:37.090995 [debug] [MainThread]: On master: COMMIT
06:11:37.153790 [debug] [MainThread]: SQL status: COMMIT in 0.06 seconds
06:11:37.153790 [debug] [MainThread]: On master: Close
06:11:37.153790 [info ] [MainThread]: Concurrency: 4 threads (target='dev')
06:11:37.153790 [info ] [MainThread]: 
06:11:37.190838 [debug] [Thread-1  ]: Began running node seed.jaffle_shop.raw_customers
06:11:37.192310 [debug] [Thread-2  ]: Began running node seed.jaffle_shop.raw_orders
06:11:37.193329 [info ] [Thread-1  ]: 1 of 3 START seed file public.raw_customers .................................... [RUN]
06:11:37.194628 [debug] [Thread-3  ]: Began running node seed.jaffle_shop.raw_payments
06:11:37.195645 [info ] [Thread-2  ]: 2 of 3 START seed file public.raw_orders ....................................... [RUN]
06:11:37.198380 [debug] [Thread-1  ]: Acquiring new postgres connection "seed.jaffle_shop.raw_customers"
06:11:37.200045 [info ] [Thread-3  ]: 3 of 3 START seed file public.raw_payments ..................................... [RUN]
06:11:37.202269 [debug] [Thread-1  ]: Began compiling node seed.jaffle_shop.raw_customers
06:11:37.205416 [debug] [Thread-2  ]: Acquiring new postgres connection "seed.jaffle_shop.raw_orders"
06:11:37.207444 [debug] [Thread-1  ]: finished collecting timing info
06:11:37.210074 [debug] [Thread-3  ]: Acquiring new postgres connection "seed.jaffle_shop.raw_payments"
06:11:37.211101 [debug] [Thread-2  ]: Began compiling node seed.jaffle_shop.raw_orders
06:11:37.211101 [debug] [Thread-1  ]: Began executing node seed.jaffle_shop.raw_customers
06:11:37.214308 [debug] [Thread-3  ]: Began compiling node seed.jaffle_shop.raw_payments
06:11:37.214452 [debug] [Thread-2  ]: finished collecting timing info
06:11:37.255928 [debug] [Thread-3  ]: finished collecting timing info
06:11:37.288842 [debug] [Thread-2  ]: Began executing node seed.jaffle_shop.raw_orders
06:11:37.292588 [debug] [Thread-3  ]: Began executing node seed.jaffle_shop.raw_payments
06:11:37.496703 [debug] [Thread-1  ]: Using postgres connection "seed.jaffle_shop.raw_customers"
06:11:37.496703 [debug] [Thread-1  ]: On seed.jaffle_shop.raw_customers: BEGIN
06:11:37.504880 [debug] [Thread-1  ]: Opening a new connection, currently in state init
06:11:37.512287 [debug] [Thread-3  ]: Using postgres connection "seed.jaffle_shop.raw_payments"
06:11:37.512287 [debug] [Thread-3  ]: On seed.jaffle_shop.raw_payments: BEGIN
06:11:37.515751 [debug] [Thread-2  ]: Using postgres connection "seed.jaffle_shop.raw_orders"
06:11:37.515751 [debug] [Thread-3  ]: Opening a new connection, currently in state init
06:11:37.516903 [debug] [Thread-2  ]: On seed.jaffle_shop.raw_orders: BEGIN
06:11:37.519254 [debug] [Thread-2  ]: Opening a new connection, currently in state init
06:11:38.023339 [debug] [Thread-1  ]: SQL status: BEGIN in 0.52 seconds
06:11:38.023339 [debug] [Thread-1  ]: Using postgres connection "seed.jaffle_shop.raw_customers"
06:11:38.023339 [debug] [Thread-1  ]: On seed.jaffle_shop.raw_customers: /* {"app": "dbt", "dbt_version": "1.1.1", "profile_name": "jaffle_shop", "target_name": "dev", "node_id": "seed.jaffle_shop.raw_customers"} */

    create table "dsw_db"."public"."raw_customers" ("id" integer,"first_name" text,"last_name" text)
  
06:11:38.093626 [debug] [Thread-1  ]: SQL status: CREATE TABLE in 0.07 seconds
06:11:38.140535 [debug] [Thread-2  ]: SQL status: BEGIN in 0.62 seconds
06:11:38.157965 [debug] [Thread-2  ]: Using postgres connection "seed.jaffle_shop.raw_orders"
06:11:38.175810 [debug] [Thread-2  ]: On seed.jaffle_shop.raw_orders: /* {"app": "dbt", "dbt_version": "1.1.1", "profile_name": "jaffle_shop", "target_name": "dev", "node_id": "seed.jaffle_shop.raw_orders"} */

    create table "dsw_db"."public"."raw_orders" ("id" integer,"user_id" integer,"order_date" date,"status" text)
  
06:11:38.193873 [debug] [Thread-3  ]: SQL status: BEGIN in 0.68 seconds
06:11:38.272026 [debug] [Thread-3  ]: Using postgres connection "seed.jaffle_shop.raw_payments"
06:11:38.290113 [debug] [Thread-3  ]: On seed.jaffle_shop.raw_payments: /* {"app": "dbt", "dbt_version": "1.1.1", "profile_name": "jaffle_shop", "target_name": "dev", "node_id": "seed.jaffle_shop.raw_payments"} */

    create table "dsw_db"."public"."raw_payments" ("id" integer,"order_id" integer,"payment_method" text,"amount" integer)
  
06:11:38.323902 [debug] [Thread-2  ]: SQL status: CREATE TABLE in 0.09 seconds
06:11:38.439498 [debug] [Thread-3  ]: SQL status: CREATE TABLE in 0.12 seconds
06:11:38.681220 [debug] [Thread-1  ]: Using postgres connection "seed.jaffle_shop.raw_customers"
06:11:38.697266 [debug] [Thread-1  ]: On seed.jaffle_shop.raw_customers: 
          insert into "dsw_db"."public"."raw_customers" ("id", "first_name", "last_name") values
          (%s,%s,%s),(%s,%s,%s),(%s,%s,%s),(%s,%s,%s),(%s,%s,%s),(%s,%s,%s),(%s,%s,%s),(%s,%s,%s),(%s,%s,%s),(%s,%s,%s),(%s,%s,%s),(%s,%s,%s),(%s,%s,%s),(%s,%s,%s),(%s,%s,%s),(%s,%s,%s),(%s,%s,%s),(%s,%s,%s),(%s,%s,%s),(%s,%s,%s),(%s,%s,%s),(%s,%s,%s),(%s,%s,%s),(%s,%s,%s),(%s,%s,%s),(%s,%s,%s),(%s,%s,%s),(%s,%s,%s),(%s,%s,%s),(%s,%s,%s),(%s,%s,%s),(%s,%s,%s),(%s,%s,%s),(%s,%s,%s),(%s,%s,%s),(%s,%s,%s),(%s,%s,%...
06:11:38.854265 [debug] [Thread-1  ]: SQL status: INSERT 0 100 in 0.08 seconds
06:11:38.887792 [debug] [Thread-1  ]: Writing runtime SQL for node "seed.jaffle_shop.raw_customers"
06:11:39.149765 [debug] [Thread-2  ]: Using postgres connection "seed.jaffle_shop.raw_orders"
06:11:39.181134 [debug] [Thread-3  ]: Using postgres connection "seed.jaffle_shop.raw_payments"
06:11:39.181134 [debug] [Thread-2  ]: On seed.jaffle_shop.raw_orders: 
          insert into "dsw_db"."public"."raw_orders" ("id", "user_id", "order_date", "status") values
          (%s,%s,%s,%s),(%s,%s,%s,%s),(%s,%s,%s,%s),(%s,%s,%s,%s),(%s,%s,%s,%s),(%s,%s,%s,%s),(%s,%s,%s,%s),(%s,%s,%s,%s),(%s,%s,%s,%s),(%s,%s,%s,%s),(%s,%s,%s,%s),(%s,%s,%s,%s),(%s,%s,%s,%s),(%s,%s,%s,%s),(%s,%s,%s,%s),(%s,%s,%s,%s),(%s,%s,%s,%s),(%s,%s,%s,%s),(%s,%s,%s,%s),(%s,%s,%s,%s),(%s,%s,%s,%s),(%s,%s,%s,%s),(%s,%s,%s,%s),(%s,%s,%s,%s),(%s,%s,%s,%s),(%s,%s,%s,%s),(%s,%s,%s,%s),(%s,%s,%s,%s),(%s,%s,...
06:11:39.225609 [debug] [Thread-1  ]: On seed.jaffle_shop.raw_customers: COMMIT
06:11:39.225609 [debug] [Thread-3  ]: On seed.jaffle_shop.raw_payments: 
          insert into "dsw_db"."public"."raw_payments" ("id", "order_id", "payment_method", "amount") values
          (%s,%s,%s,%s),(%s,%s,%s,%s),(%s,%s,%s,%s),(%s,%s,%s,%s),(%s,%s,%s,%s),(%s,%s,%s,%s),(%s,%s,%s,%s),(%s,%s,%s,%s),(%s,%s,%s,%s),(%s,%s,%s,%s),(%s,%s,%s,%s),(%s,%s,%s,%s),(%s,%s,%s,%s),(%s,%s,%s,%s),(%s,%s,%s,%s),(%s,%s,%s,%s),(%s,%s,%s,%s),(%s,%s,%s,%s),(%s,%s,%s,%s),(%s,%s,%s,%s),(%s,%s,%s,%s),(%s,%s,%s,%s),(%s,%s,%s,%s),(%s,%s,%s,%s),(%s,%s,%s,%s),(%s,%s,%s,%s),(%s,%s,%s,%s),(%s,%s,%s,%s),...
06:11:39.238776 [debug] [Thread-1  ]: Using postgres connection "seed.jaffle_shop.raw_customers"
06:11:39.243303 [debug] [Thread-1  ]: On seed.jaffle_shop.raw_customers: COMMIT
06:11:39.305937 [debug] [Thread-1  ]: SQL status: COMMIT in 0.06 seconds
06:11:39.305937 [debug] [Thread-1  ]: finished collecting timing info
06:11:39.320056 [debug] [Thread-2  ]: SQL status: INSERT 0 99 in 0.08 seconds
06:11:39.320056 [debug] [Thread-1  ]: On seed.jaffle_shop.raw_customers: Close
06:11:39.322328 [debug] [Thread-2  ]: Writing runtime SQL for node "seed.jaffle_shop.raw_orders"
06:11:39.324826 [debug] [Thread-3  ]: SQL status: INSERT 0 113 in 0.09 seconds
06:11:39.326083 [debug] [Thread-1  ]: Sending event: {'category': 'dbt', 'action': 'run_model', 'label': 'a48051ec-de54-4b47-96a9-2e9824978961', 'context': [<snowplow_tracker.self_describing_json.SelfDescribingJson object at 0x0000010EB00455B0>]}
06:11:39.328954 [debug] [Thread-3  ]: Writing runtime SQL for node "seed.jaffle_shop.raw_payments"
06:11:39.330968 [info ] [Thread-1  ]: 1 of 3 OK loaded seed file public.raw_customers ................................ [[32mINSERT 100[0m in 2.13s]
06:11:39.338210 [debug] [Thread-2  ]: On seed.jaffle_shop.raw_orders: COMMIT
06:11:39.343089 [debug] [Thread-2  ]: Using postgres connection "seed.jaffle_shop.raw_orders"
06:11:39.344121 [debug] [Thread-2  ]: On seed.jaffle_shop.raw_orders: COMMIT
06:11:39.346404 [debug] [Thread-1  ]: Finished running node seed.jaffle_shop.raw_customers
06:11:39.356000 [debug] [Thread-3  ]: On seed.jaffle_shop.raw_payments: COMMIT
06:11:39.358052 [debug] [Thread-3  ]: Using postgres connection "seed.jaffle_shop.raw_payments"
06:11:39.359059 [debug] [Thread-3  ]: On seed.jaffle_shop.raw_payments: COMMIT
06:11:39.389247 [debug] [Thread-2  ]: SQL status: COMMIT in 0.04 seconds
06:11:39.389247 [debug] [Thread-2  ]: finished collecting timing info
06:11:39.389247 [debug] [Thread-2  ]: On seed.jaffle_shop.raw_orders: Close
06:11:39.389247 [debug] [Thread-2  ]: Sending event: {'category': 'dbt', 'action': 'run_model', 'label': 'a48051ec-de54-4b47-96a9-2e9824978961', 'context': [<snowplow_tracker.self_describing_json.SelfDescribingJson object at 0x0000010EB015DAF0>]}
06:11:39.389247 [info ] [Thread-2  ]: 2 of 3 OK loaded seed file public.raw_orders ................................... [[32mINSERT 99[0m in 2.19s]
06:11:39.403114 [debug] [Thread-2  ]: Finished running node seed.jaffle_shop.raw_orders
06:11:39.405592 [debug] [Thread-3  ]: SQL status: COMMIT in 0.05 seconds
06:11:39.421841 [debug] [Thread-3  ]: finished collecting timing info
06:11:39.423475 [debug] [Thread-3  ]: On seed.jaffle_shop.raw_payments: Close
06:11:39.426837 [debug] [Thread-3  ]: Sending event: {'category': 'dbt', 'action': 'run_model', 'label': 'a48051ec-de54-4b47-96a9-2e9824978961', 'context': [<snowplow_tracker.self_describing_json.SelfDescribingJson object at 0x0000010EB015D6D0>]}
06:11:39.427897 [info ] [Thread-3  ]: 3 of 3 OK loaded seed file public.raw_payments ................................. [[32mINSERT 113[0m in 2.22s]
06:11:39.431753 [debug] [Thread-3  ]: Finished running node seed.jaffle_shop.raw_payments
06:11:39.436842 [debug] [MainThread]: Acquiring new postgres connection "master"
06:11:39.439229 [debug] [MainThread]: Using postgres connection "master"
06:11:39.439229 [debug] [MainThread]: On master: BEGIN
06:11:39.439229 [debug] [MainThread]: Opening a new connection, currently in state closed
06:11:39.856844 [debug] [MainThread]: SQL status: BEGIN in 0.42 seconds
06:11:39.856844 [debug] [MainThread]: On master: COMMIT
06:11:39.856844 [debug] [MainThread]: Using postgres connection "master"
06:11:39.856844 [debug] [MainThread]: On master: COMMIT
06:11:39.903719 [debug] [MainThread]: SQL status: COMMIT in 0.03 seconds
06:11:39.903719 [debug] [MainThread]: On master: Close
06:11:39.919102 [info ] [MainThread]: 
06:11:39.923321 [info ] [MainThread]: Finished running 3 seeds in 4.76s.
06:11:39.926863 [debug] [MainThread]: Connection 'master' was properly closed.
06:11:39.927893 [debug] [MainThread]: Connection 'list_dsw_db' was properly closed.
06:11:39.927893 [debug] [MainThread]: Connection 'list_dsw_db_public' was properly closed.
06:11:39.929079 [debug] [MainThread]: Connection 'seed.jaffle_shop.raw_customers' was properly closed.
06:11:39.930145 [debug] [MainThread]: Connection 'seed.jaffle_shop.raw_orders' was properly closed.
06:11:39.930145 [debug] [MainThread]: Connection 'seed.jaffle_shop.raw_payments' was properly closed.
06:11:39.959108 [info ] [MainThread]: 
06:11:39.961979 [info ] [MainThread]: [32mCompleted successfully[0m
06:11:39.966423 [info ] [MainThread]: 
06:11:39.969030 [info ] [MainThread]: Done. PASS=3 WARN=0 ERROR=0 SKIP=0 TOTAL=3
06:11:39.973192 [debug] [MainThread]: Sending event: {'category': 'dbt', 'action': 'invocation', 'label': 'end', 'context': [<snowplow_tracker.self_describing_json.SelfDescribingJson object at 0x0000010EB013D070>, <snowplow_tracker.self_describing_json.SelfDescribingJson object at 0x0000010EB013D940>, <snowplow_tracker.self_describing_json.SelfDescribingJson object at 0x0000010EAFF2A850>]}
